TN:
SF:/var/projetos/jobs/enbox/backend/server.js
FN:13,(anonymous_0)
FNF:1
FNH:1
FNDA:1,(anonymous_0)
DA:1,1
DA:2,1
DA:3,1
DA:4,1
DA:6,1
DA:7,1
DA:9,1
DA:10,1
DA:11,1
DA:13,1
LF:10
LH:10
BRDA:6,0,0,1
BRDA:6,0,1,1
BRF:2
BRH:2
end_of_record
TN:
SF:/var/projetos/jobs/enbox/backend/app/config.js
FNF:0
FNH:0
DA:1,1
LF:1
LH:1
BRF:0
BRH:0
end_of_record
TN:
SF:/var/projetos/jobs/enbox/backend/app/helpers.js
FN:2,(anonymous_0)
FNF:1
FNH:1
FNDA:2,(anonymous_0)
DA:1,1
DA:3,2
DA:4,2
DA:6,0
LF:4
LH:3
BRF:0
BRH:0
end_of_record
TN:
SF:/var/projetos/jobs/enbox/backend/app/router.js
FNF:0
FNH:0
DA:1,1
DA:4,1
DA:6,1
DA:8,1
DA:10,1
DA:12,1
DA:14,1
DA:16,1
LF:8
LH:8
BRF:0
BRH:0
end_of_record
TN:
SF:/var/projetos/jobs/enbox/backend/app/controllers/twitter.js
FN:8,(anonymous_0)
FN:26,(anonymous_1)
FN:44,(anonymous_2)
FN:61,(anonymous_3)
FNF:4
FNH:4
FNDA:1,(anonymous_0)
FNDA:1,(anonymous_1)
FNDA:1,(anonymous_2)
FNDA:1,(anonymous_3)
DA:1,1
DA:2,1
DA:3,1
DA:4,1
DA:5,1
DA:7,1
DA:9,1
DA:10,1
DA:18,1
DA:19,1
DA:21,0
DA:22,0
DA:24,1
DA:27,1
DA:28,1
DA:37,1
DA:39,0
DA:40,0
DA:42,1
DA:45,1
DA:46,1
DA:47,1
DA:53,1
DA:54,1
DA:56,0
DA:57,0
DA:59,1
DA:62,1
DA:63,1
DA:64,1
DA:70,1
DA:71,1
DA:73,0
DA:74,0
DA:76,1
LF:35
LH:27
BRF:0
BRH:0
end_of_record
